15-06-12 15:16:28,092 [pool-6-thread-2] USING com.atomikos.icatch.soap_commit_protocols = atomikos,wsat
15-06-12 15:16:28,099 [pool-6-thread-2] USING com.atomikos.icatch.console_file_name = tm.out
15-06-12 15:16:28,099 [pool-6-thread-2] USING com.atomikos.icatch.console_file_count = 1
15-06-12 15:16:28,099 [pool-6-thread-2] USING com.atomikos.icatch.automatic_resource_registration = true
15-06-12 15:16:28,099 [pool-6-thread-2] USING com.atomikos.icatch.client_demarcation = false
15-06-12 15:16:28,099 [pool-6-thread-2] USING com.atomikos.icatch.soap_request_threads = 1
15-06-12 15:16:28,099 [pool-6-thread-2] USING com.atomikos.icatch.threaded_2pc = true
15-06-12 15:16:28,099 [pool-6-thread-2] USING com.atomikos.icatch.soap_host_address = 192.168.5.109
15-06-12 15:16:28,099 [pool-6-thread-2] USING com.atomikos.icatch.serial_jta_transactions = true
15-06-12 15:16:28,100 [pool-6-thread-2] USING com.atomikos.icatch.log_base_dir = tm/log
15-06-12 15:16:28,100 [pool-6-thread-2] USING com.atomikos.icatch.console_log_level = DEBUG
15-06-12 15:16:28,100 [pool-6-thread-2] USING com.atomikos.icatch.max_actives = 50
15-06-12 15:16:28,100 [pool-6-thread-2] USING com.atomikos.icatch.soap_port = 8088
15-06-12 15:16:28,100 [pool-6-thread-2] USING com.atomikos.icatch.checkpoint_interval = 500
15-06-12 15:16:28,100 [pool-6-thread-2] USING com.atomikos.icatch.enable_logging = false
15-06-12 15:16:28,100 [pool-6-thread-2] USING com.atomikos.icatch.lock_logs = false
15-06-12 15:16:28,100 [pool-6-thread-2] USING com.atomikos.icatch.output_dir = tm/jta
15-06-12 15:16:28,100 [pool-6-thread-2] USING com.atomikos.icatch.log_base_name = tmlog
15-06-12 15:16:28,101 [pool-6-thread-2] USING com.atomikos.icatch.console_file_limit = -1
15-06-12 15:16:28,102 [pool-6-thread-2] USING com.atomikos.icatch.max_timeout = 30000000
15-06-12 15:16:28,102 [pool-6-thread-2] USING java.naming.factory.initial = com.sun.jndi.rmi.registry.RegistryContextFactory
15-06-12 15:16:28,102 [pool-6-thread-2] USING com.atomikos.icatch.tm_unique_name = lift_tm
15-06-12 15:16:28,102 [pool-6-thread-2] USING java.naming.provider.url = rmi://localhost:1099
15-06-12 15:16:28,102 [pool-6-thread-2] USING com.atomikos.icatch.service = com.atomikos.icatch.standalone.UserTransactionServiceFactory
15-06-12 15:16:28,102 [pool-6-thread-2] USING com.atomikos.icatch.force_shutdown_on_vm_exit = true
15-06-12 19:24:10,159 [Thread-4] Transaction Service: Entering shutdown ( true )...
15-07-24 20:09:01,218 [pool-5-thread-3] USING com.atomikos.icatch.soap_commit_protocols = atomikos,wsat
15-07-24 20:09:01,228 [pool-5-thread-3] USING com.atomikos.icatch.console_file_name = tm.out
15-07-24 20:09:01,228 [pool-5-thread-3] USING com.atomikos.icatch.console_file_count = 1
15-07-24 20:09:01,229 [pool-5-thread-3] USING com.atomikos.icatch.automatic_resource_registration = true
15-07-24 20:09:01,229 [pool-5-thread-3] USING com.atomikos.icatch.client_demarcation = false
15-07-24 20:09:01,229 [pool-5-thread-3] USING com.atomikos.icatch.soap_request_threads = 1
15-07-24 20:09:01,229 [pool-5-thread-3] USING com.atomikos.icatch.threaded_2pc = true
15-07-24 20:09:01,229 [pool-5-thread-3] USING com.atomikos.icatch.soap_host_address = 10.199.66.60
15-07-24 20:09:01,229 [pool-5-thread-3] USING com.atomikos.icatch.serial_jta_transactions = true
15-07-24 20:09:01,229 [pool-5-thread-3] USING com.atomikos.icatch.log_base_dir = tm/log
15-07-24 20:09:01,229 [pool-5-thread-3] USING com.atomikos.icatch.console_log_level = DEBUG
15-07-24 20:09:01,229 [pool-5-thread-3] USING com.atomikos.icatch.max_actives = 50
15-07-24 20:09:01,230 [pool-5-thread-3] USING com.atomikos.icatch.soap_port = 8088
15-07-24 20:09:01,230 [pool-5-thread-3] USING com.atomikos.icatch.checkpoint_interval = 500
15-07-24 20:09:01,230 [pool-5-thread-3] USING com.atomikos.icatch.enable_logging = false
15-07-24 20:09:01,230 [pool-5-thread-3] USING com.atomikos.icatch.lock_logs = false
15-07-24 20:09:01,230 [pool-5-thread-3] USING com.atomikos.icatch.output_dir = tm/jta
15-07-24 20:09:01,230 [pool-5-thread-3] USING com.atomikos.icatch.log_base_name = tmlog
15-07-24 20:09:01,230 [pool-5-thread-3] USING com.atomikos.icatch.console_file_limit = -1
15-07-24 20:09:01,230 [pool-5-thread-3] USING com.atomikos.icatch.max_timeout = 30000000
15-07-24 20:09:01,231 [pool-5-thread-3] USING java.naming.factory.initial = com.sun.jndi.rmi.registry.RegistryContextFactory
15-07-24 20:09:01,231 [pool-5-thread-3] USING com.atomikos.icatch.tm_unique_name = lift_tm
15-07-24 20:09:01,231 [pool-5-thread-3] USING java.naming.provider.url = rmi://localhost:1099
15-07-24 20:09:01,232 [pool-5-thread-3] USING com.atomikos.icatch.service = com.atomikos.icatch.standalone.UserTransactionServiceFactory
15-07-24 20:09:01,232 [pool-5-thread-3] USING com.atomikos.icatch.force_shutdown_on_vm_exit = true
